==============================================================================
20180126 12:46:00.432 - INFO - + START SUITE: Acceptancetest [ ]
==============================================================================
20180126 12:46:00.466 - INFO - +- START SUITE: Acceptancetest.HelloWorldTests [ ]
==============================================================================
20180126 12:46:00.466 - INFO - +-- START TEST: Say Hello [ ]
------------------------------------------------------------------------------
20180126 12:46:00.482 - INFO - +--- START KW: keywords.CustomKeywords.Greet Everyone [ ]
20180126 12:46:00.482 - INFO - +--- END KW: keywords.CustomKeywords.Greet Everyone (0)
------------------------------------------------------------------------------
20180126 12:46:00.496 - INFO - +-- END TEST: Say Hello (16)
------------------------------------------------------------------------------
20180126 12:46:00.498 - INFO - +-- START TEST: Say Hello In Pig Latin [ ]
------------------------------------------------------------------------------
20180126 12:46:00.498 - INFO - +--- START KW: keywords.CustomKeywords.Reverse Greet Everyone [ ]
20180126 12:46:00.498 - INFO - +--- END KW: keywords.CustomKeywords.Reverse Greet Everyone (0)
------------------------------------------------------------------------------
20180126 12:46:00.498 - INFO - +-- END TEST: Say Hello In Pig Latin (1)
------------------------------------------------------------------------------
20180126 12:46:00.507 - INFO - +-- START TEST: Make Sure You're Saying Hello [ ]
------------------------------------------------------------------------------
20180126 12:46:00.508 - INFO - +--- START KW: keywords.CustomKeywords.Greet Everyone [ ]
20180126 12:46:00.508 - INFO - ${result} = hello world
20180126 12:46:00.508 - INFO - +--- END KW: keywords.CustomKeywords.Greet Everyone (0)
~~~~~~~~~~~~~~~~~~~~~~~~~~~~~~~~~~~~~~~~~~~~~~~~~~~~~~~~~~~~~~~~~~~~~~~~~~~~~~
20180126 12:46:00.508 - INFO - +--- START KW: BuiltIn.Should Be Equal [ ${result} | hello world ]
20180126 12:46:00.522 - INFO - +--- END KW: BuiltIn.Should Be Equal (12)
------------------------------------------------------------------------------
20180126 12:46:00.523 - INFO - +-- END TEST: Make Sure You're Saying Hello (15)
------------------------------------------------------------------------------
20180126 12:46:00.523 - INFO - +-- START TEST: Make A Test That Fails [ ]
------------------------------------------------------------------------------
20180126 12:46:00.523 - INFO - +--- START KW: keywords.CustomKeywords.Reverse Greet Everyone [ ]
20180126 12:46:00.523 - INFO - ${result} = dlrow olleh
20180126 12:46:00.523 - INFO - +--- END KW: keywords.CustomKeywords.Reverse Greet Everyone (0)
~~~~~~~~~~~~~~~~~~~~~~~~~~~~~~~~~~~~~~~~~~~~~~~~~~~~~~~~~~~~~~~~~~~~~~~~~~~~~~
20180126 12:46:00.523 - INFO - +--- START KW: BuiltIn.Should Be Equal [ ${result} | dlrow olleh ]
20180126 12:46:00.538 - INFO - +--- END KW: BuiltIn.Should Be Equal (15)
------------------------------------------------------------------------------
20180126 12:46:00.538 - INFO - +-- END TEST: Make A Test That Fails (15)
------------------------------------------------------------------------------
20180126 12:46:00.590 - INFO - +- END SUITE: Acceptancetest.HelloWorldTests (104)
==============================================================================
20180126 12:46:00.601 - INFO - + END SUITE: Acceptancetest (468)
==============================================================================
